TN:
SF:src\App.jsx
FN:1,window.$RefreshReg$
FN:5,App
FNF:2
FNH:2
FNDA:1,window.$RefreshReg$
FNDA:6,App
DA:1,1
DA:2,1
DA:3,1
DA:5,6
DA:6,6
DA:7,6
DA:8,6
DA:9,6
DA:10,6
DA:11,6
DA:13,6
DA:15,1
LF:12
LH:12
BRDA:1,0,0,0
BRDA:1,1,0,1
BRDA:5,2,0,6
BRF:3
BRH:2
end_of_record
TN:
SF:src\__mocks__\fileMock.js
FN:1,(empty-report)
FNF:1
FNH:0
FNDA:0,(empty-report)
DA:1,0
LF:1
LH:0
BRDA:1,0,0,0
BRF:1
BRH:0
end_of_record
TN:
SF:src\components\Overlay.jsx
FN:1,(empty-report)
FNF:1
FNH:1
FNDA:1,(empty-report)
DA:4,0
DA:5,0
DA:6,0
DA:7,0
DA:10,0
DA:11,0
DA:13,0
DA:16,0
DA:17,0
DA:18,0
DA:20,0
DA:21,0
DA:23,0
DA:24,0
DA:26,0
DA:29,0
DA:30,0
DA:31,0
DA:32,0
DA:33,0
DA:34,0
DA:35,0
DA:36,0
DA:37,0
DA:38,0
DA:40,0
DA:41,0
DA:42,0
DA:44,0
DA:46,0
DA:47,0
DA:50,0
DA:51,0
DA:52,0
DA:53,0
DA:54,0
DA:55,0
DA:56,0
DA:57,0
DA:59,0
DA:60,0
DA:61,0
DA:63,0
DA:64,0
DA:65,0
DA:66,0
DA:67,0
DA:68,0
DA:71,0
DA:72,0
DA:73,0
DA:74,0
DA:75,0
DA:76,0
DA:78,0
DA:80,0
DA:81,0
DA:82,0
DA:84,0
DA:85,0
DA:87,0
DA:88,0
DA:89,0
DA:90,0
DA:92,0
DA:93,0
DA:94,0
DA:95,0
DA:96,0
DA:98,0
DA:99,0
DA:100,0
DA:101,0
DA:102,0
DA:103,0
DA:106,0
DA:107,0
DA:109,0
DA:111,0
LF:79
LH:0
BRDA:1,0,0,1
BRF:1
BRH:1
end_of_record
TN:
SF:src\components\Modal\Modal.jsx
FN:9,Modal
FN:14,handleKeyDown
FN:59,onKeyDown
FNF:3
FNH:2
FNDA:8,Modal
FNDA:2,handleKeyDown
FNDA:0,onKeyDown
DA:5,1
DA:6,1
DA:7,1
DA:9,8
DA:10,8
DA:13,8
DA:14,7
DA:15,2
DA:16,1
DA:17,1
DA:18,2
DA:20,7
DA:21,7
DA:22,7
DA:23,7
DA:24,8
DA:27,8
DA:28,7
DA:29,5
DA:31,5
DA:32,7
DA:33,2
DA:34,2
DA:36,7
DA:37,7
DA:38,7
DA:39,8
DA:41,8
DA:43,8
DA:44,8
DA:45,8
DA:46,6
DA:47,6
DA:48,6
DA:49,6
DA:50,6
DA:51,6
DA:53,6
DA:54,6
DA:55,6
DA:56,6
DA:57,6
DA:58,6
DA:59,6
DA:60,6
DA:61,6
DA:62,6
DA:63,6
DA:64,6
DA:65,6
DA:66,6
DA:67,6
DA:68,6
DA:69,6
DA:70,6
DA:72,6
DA:73,6
DA:74,6
DA:75,6
DA:76,6
DA:77,6
DA:78,6
DA:81,6
DA:82,6
DA:83,6
DA:84,6
DA:87,6
DA:88,6
DA:89,6
DA:90,6
DA:93,6
DA:94,6
DA:95,6
DA:96,6
DA:97,6
DA:98,6
DA:100,6
DA:101,6
DA:102,6
DA:103,6
DA:106,6
DA:107,6
DA:108,42
DA:109,42
DA:110,42
DA:112,42
DA:113,42
DA:114,42
DA:117,42
DA:118,42
DA:119,42
DA:120,42
DA:121,42
DA:123,42
DA:124,42
DA:125,42
DA:126,42
DA:127,42
DA:128,42
DA:130,42
DA:131,42
DA:132,42
DA:133,42
DA:134,42
DA:135,42
DA:138,42
DA:139,42
DA:141,42
DA:142,42
DA:143,42
DA:144,42
DA:145,42
DA:146,42
DA:148,42
DA:149,42
DA:150,42
DA:151,42
DA:152,6
DA:153,6
DA:154,6
DA:155,6
DA:156,6
DA:157,6
DA:158,6
DA:159,6
DA:160,6
DA:163,6
DA:164,6
DA:165,6
DA:167,8
DA:169,8
LF:131
LH:131
BRDA:9,0,0,8
BRDA:41,1,0,0
BRDA:45,2,0,6
BRDA:13,3,0,7
BRDA:14,4,0,2
BRDA:15,5,0,1
BRDA:21,6,0,7
BRDA:27,7,0,7
BRDA:28,8,0,5
BRDA:32,9,0,2
BRDA:36,10,0,7
BRDA:107,11,0,42
BRDA:114,12,0,6
BRDA:114,13,0,36
BRDA:119,14,0,6
BRDA:119,15,0,36
BRDA:126,16,0,6
BRDA:126,17,0,36
BRDA:135,18,0,6
BRDA:135,19,0,36
BRDA:144,20,0,6
BRDA:144,21,0,36
BRF:22
BRH:21
end_of_record
TN:
SF:src\contexts\Context.jsx
FN:1,(empty-report)
FNF:1
FNH:1
FNDA:1,(empty-report)
DA:4,0
DA:6,0
DA:7,0
DA:8,0
DA:10,0
DA:14,0
DA:15,0
DA:16,0
DA:17,0
DA:18,0
DA:19,0
DA:20,0
DA:21,0
DA:22,0
DA:23,0
DA:24,0
DA:25,0
DA:26,0
DA:27,0
DA:28,0
DA:29,0
DA:30,0
DA:31,0
DA:32,0
DA:33,0
DA:37,0
DA:38,0
DA:41,0
DA:42,0
DA:43,0
DA:44,0
DA:45,0
DA:46,0
DA:47,0
DA:48,0
DA:50,0
DA:51,0
DA:52,0
DA:55,0
DA:56,0
DA:57,0
DA:60,0
DA:61,0
DA:62,0
DA:63,0
DA:64,0
DA:65,0
DA:66,0
DA:67,0
DA:68,0
DA:69,0
DA:70,0
DA:73,0
DA:74,0
DA:75,0
DA:76,0
DA:77,0
DA:78,0
DA:82,0
DA:84,0
DA:85,0
DA:86,0
DA:87,0
DA:89,0
DA:90,0
DA:91,0
DA:92,0
DA:94,0
DA:95,0
DA:96,0
DA:97,0
DA:98,0
DA:99,0
DA:100,0
DA:102,0
DA:103,0
DA:106,0
DA:107,0
DA:109,0
DA:110,0
DA:111,0
DA:112,0
DA:114,0
DA:115,0
DA:116,0
DA:117,0
DA:119,0
DA:120,0
DA:121,0
DA:122,0
DA:124,0
DA:125,0
DA:126,0
DA:130,0
DA:131,0
DA:132,0
DA:133,0
DA:134,0
DA:135,0
DA:136,0
DA:137,0
DA:138,0
DA:139,0
DA:140,0
DA:141,0
DA:142,0
DA:143,0
DA:144,0
DA:145,0
DA:146,0
DA:147,0
DA:150,0
DA:151,0
DA:152,0
DA:153,0
DA:154,0
DA:155,0
DA:156,0
DA:157,0
DA:158,0
DA:159,0
DA:162,0
DA:163,0
DA:164,0
DA:165,0
DA:166,0
DA:167,0
DA:168,0
DA:169,0
DA:172,0
DA:173,0
DA:174,0
DA:175,0
DA:176,0
DA:177,0
DA:178,0
DA:179,0
DA:180,0
DA:181,0
DA:182,0
DA:184,0
DA:185,0
DA:187,0
DA:189,0
LF:144
LH:0
BRDA:1,0,0,1
BRF:1
BRH:1
end_of_record
TN:
SF:src\data\aboutAlgorithm.js
FNF:0
FNH:0
DA:1,1
DA:2,1
DA:3,1
DA:4,1
DA:5,1
DA:6,1
DA:7,1
DA:8,1
DA:9,1
DA:10,1
DA:11,1
DA:12,1
DA:13,1
DA:14,1
DA:15,1
DA:16,1
DA:17,1
DA:18,1
DA:19,1
DA:20,1
DA:21,1
DA:22,1
DA:23,1
DA:24,1
DA:25,1
DA:26,1
DA:27,1
DA:28,1
DA:29,1
DA:30,1
DA:31,1
DA:32,1
DA:33,1
DA:34,1
DA:35,1
DA:36,1
DA:37,1
DA:38,1
DA:39,1
DA:40,1
DA:41,1
DA:42,1
DA:43,1
DA:44,1
DA:45,1
DA:46,1
DA:47,1
DA:48,1
DA:49,1
DA:50,1
DA:51,1
DA:52,1
DA:53,1
DA:54,1
DA:55,1
DA:56,1
DA:57,1
DA:58,1
DA:59,1
DA:60,1
DA:61,1
DA:62,1
DA:63,1
DA:64,1
DA:65,1
DA:66,1
DA:67,1
DA:68,1
DA:69,1
DA:70,1
DA:71,1
DA:72,1
DA:73,1
DA:74,1
DA:75,1
DA:76,1
DA:77,1
DA:78,1
DA:79,1
DA:80,1
DA:81,1
DA:82,1
DA:83,1
DA:84,1
DA:85,1
DA:86,1
DA:87,1
DA:88,1
DA:89,1
DA:90,1
DA:91,1
DA:92,1
DA:93,1
DA:94,1
DA:95,1
DA:96,1
DA:97,1
DA:98,1
DA:99,1
DA:100,1
DA:101,1
DA:102,1
DA:103,1
DA:104,1
DA:105,1
DA:106,1
DA:107,1
DA:108,1
DA:109,1
DA:110,1
DA:111,1
DA:112,1
DA:113,1
DA:114,1
DA:115,1
DA:116,1
DA:117,1
DA:118,1
DA:119,1
DA:120,1
DA:121,1
DA:122,1
DA:123,1
DA:124,1
DA:125,1
DA:126,1
DA:127,1
DA:128,1
DA:129,1
DA:130,1
DA:131,1
DA:132,1
DA:133,1
DA:134,1
DA:135,1
DA:136,1
DA:137,1
DA:138,1
DA:139,1
DA:140,1
DA:141,1
DA:142,1
DA:143,1
DA:144,1
DA:145,1
DA:146,1
DA:147,1
DA:148,1
DA:149,1
DA:150,1
DA:151,1
DA:152,1
DA:153,1
DA:154,1
DA:155,1
DA:156,1
DA:157,1
DA:158,1
DA:159,1
DA:160,1
DA:161,1
DA:162,1
DA:163,1
DA:164,1
LF:164
LH:164
BRF:0
BRH:0
end_of_record
TN:
SF:src\helpers\algorithmMap.js
FN:1,(empty-report)
FNF:1
FNH:0
FNDA:0,(empty-report)
DA:1,0
DA:2,0
DA:3,0
DA:4,0
DA:12,0
DA:13,0
DA:14,0
DA:15,0
DA:16,0
DA:17,0
DA:18,0
DA:19,0
DA:20,0
DA:21,0
DA:22,0
DA:23,0
LF:16
LH:0
BRDA:1,0,0,0
BRF:1
BRH:0
end_of_record
TN:
SF:src\helpers\math.js
FN:7,getRandomNumber
FN:14,getDigit
FN:21,mostDigits
FNF:3
FNH:2
FNDA:0,getRandomNumber
FNDA:29,getDigit
FNDA:4,mostDigits
DA:1,1
DA:2,1
DA:3,1
DA:4,1
DA:5,1
DA:6,1
DA:7,1
DA:8,0
DA:9,0
DA:10,1
DA:11,1
DA:12,1
DA:13,1
DA:14,1
DA:15,29
DA:16,29
DA:17,1
DA:18,1
DA:19,1
DA:20,1
DA:21,1
DA:22,4
DA:23,4
DA:24,18
DA:25,18
DA:26,4
DA:27,4
LF:27
LH:25
BRDA:14,0,0,29
BRDA:21,1,0,4
BRDA:23,2,0,18
BRF:3
BRH:3
end_of_record
TN:
SF:src\helpers\promises.js
FN:7,awaitTimeout
FN:18,checkPause
FNF:2
FNH:2
FNDA:176,awaitTimeout
FNDA:167,checkPause
DA:1,1
DA:2,1
DA:3,1
DA:4,1
DA:5,1
DA:6,1
DA:7,1
DA:8,176
DA:9,176
DA:10,176
DA:11,176
DA:12,176
DA:13,176
DA:14,1
DA:15,1
DA:16,1
DA:17,1
DA:18,1
DA:19,167
DA:20,0
DA:21,0
DA:22,0
DA:23,0
DA:24,0
DA:25,0
DA:26,0
DA:27,0
DA:28,0
DA:29,0
DA:30,0
DA:31,167
LF:31
LH:20
BRDA:7,0,0,176
BRDA:8,1,0,176
BRDA:9,2,0,176
BRDA:18,3,0,167
BRDA:19,4,0,0
BRF:5
BRH:4
end_of_record
TN:
SF:src\helpers\sortingAlgorithms.js
FN:16,bubbleSort
FN:54,selectionSort
FN:96,insertionSort
FN:119,mergeSortMerger
FN:166,mergeSortHelper
FN:184,mergeSort
FN:188,quickSortHelper
FN:232,quickSort
FN:244,radixSort
FN:277,bucketSort
FNF:10
FNH:10
FNDA:6,bubbleSort
FNDA:4,selectionSort
FNDA:4,insertionSort
FNDA:15,mergeSortMerger
FNDA:34,mergeSortHelper
FNDA:4,mergeSort
FNDA:26,quickSortHelper
FNDA:4,quickSort
FNDA:4,radixSort
FNDA:5,bucketSort
DA:1,1
DA:2,1
DA:3,1
DA:4,1
DA:5,1
DA:6,1
DA:7,1
DA:8,1
DA:9,1
DA:10,1
DA:11,1
DA:12,1
DA:13,1
DA:14,1
DA:15,1
DA:16,1
DA:17,6
DA:18,15
DA:19,24
DA:20,1
DA:21,1
DA:22,23
DA:23,23
DA:24,23
DA:25,23
DA:26,23
DA:27,23
DA:28,23
DA:29,23
DA:30,24
DA:31,9
DA:32,9
DA:33,9
DA:34,9
DA:35,9
DA:36,9
DA:37,9
DA:38,23
DA:39,23
DA:40,23
DA:41,23
DA:42,23
DA:43,14
DA:44,5
DA:45,1
DA:46,1
DA:47,1
DA:48,1
DA:49,1
DA:50,1
DA:51,1
DA:52,1
DA:53,1
DA:54,1
DA:55,4
DA:56,7
DA:57,6
DA:58,6
DA:59,6
DA:60,7
DA:61,10
DA:62,10
DA:63,10
DA:64,10
DA:65,10
DA:66,5
DA:67,5
DA:68,5
DA:69,5
DA:70,5
DA:71,5
DA:72,10
DA:73,6
DA:74,6
DA:75,7
DA:76,3
DA:77,3
DA:78,3
DA:79,3
DA:80,3
DA:81,3
DA:82,3
DA:83,3
DA:84,3
DA:85,7
DA:86,3
DA:87,1
DA:88,1
DA:89,1
DA:90,1
DA:91,1
DA:92,1
DA:93,1
DA:94,1
DA:95,1
DA:96,1
DA:97,4
DA:98,13
DA:99,12
DA:100,12
DA:101,12
DA:102,12
DA:103,12
DA:104,12
DA:105,13
DA:106,17
DA:107,17
DA:108,17
DA:109,17
DA:110,17
DA:111,17
DA:112,17
DA:113,12
DA:114,12
DA:115,12
DA:116,12
DA:117,3
DA:118,1
DA:119,1
DA:120,15
DA:121,15
DA:122,15
DA:123,15
DA:124,15
DA:125,15
DA:126,15
DA:127,15
DA:128,38
DA:129,19
DA:130,19
DA:131,19
DA:132,19
DA:133,19
DA:134,19
DA:135,19
DA:136,19
DA:137,19
DA:138,19
DA:139,38
DA:140,38
DA:141,38
DA:142,15
DA:143,15
DA:144,11
DA:145,11
DA:146,11
DA:147,11
DA:148,11
DA:149,11
DA:150,11
DA:151,15
DA:152,15
DA:153,5
DA:154,5
DA:155,5
DA:156,5
DA:157,5
DA:158,5
DA:159,5
DA:160,15
DA:161,15
DA:162,54
DA:163,54
DA:164,15
DA:165,1
DA:166,1
DA:167,34
DA:168,34
DA:169,15
DA:170,15
DA:171,15
DA:172,15
DA:173,15
DA:174,15
DA:175,1
DA:176,1
DA:177,1
DA:178,1
DA:179,1
DA:180,1
DA:181,1
DA:182,1
DA:183,1
DA:184,1
DA:185,4
DA:186,3
DA:187,1
DA:188,1
DA:189,26
DA:190,26
DA:191,14
DA:192,14
DA:193,11
DA:194,11
DA:195,11
DA:196,11
DA:197,11
DA:198,26
DA:199,17
DA:200,17
DA:201,17
DA:202,17
DA:203,15
DA:204,15
DA:205,15
DA:206,15
DA:207,15
DA:208,15
DA:209,15
DA:210,15
DA:211,15
DA:212,15
DA:213,15
DA:214,15
DA:215,15
DA:216,15
DA:217,15
DA:218,17
DA:219,11
DA:220,11
DA:221,11
DA:222,11
DA:223,1
DA:224,1
DA:225,1
DA:226,1
DA:227,1
DA:228,1
DA:229,1
DA:230,1
DA:231,1
DA:232,1
DA:233,4
DA:234,3
DA:235,1
DA:236,1
DA:237,1
DA:238,1
DA:239,1
DA:240,1
DA:241,1
DA:242,1
DA:243,1
DA:244,1
DA:245,4
DA:246,4
DA:247,4
DA:248,4
DA:249,5
DA:250,4
DA:251,5
DA:252,29
DA:253,29
DA:254,29
DA:255,4
DA:256,4
DA:257,4
DA:258,5
DA:259,29
DA:260,29
DA:261,29
DA:262,29
DA:263,29
DA:264,29
DA:265,4
DA:266,4
DA:267,1
DA:268,1
DA:269,1
DA:270,1
DA:271,1
DA:272,1
DA:273,1
DA:274,1
DA:275,1
DA:276,1
DA:277,1
DA:278,5
DA:279,5
DA:280,4
DA:281,4
DA:282,4
DA:283,4
DA:284,4
DA:285,4
DA:286,4
DA:287,4
DA:288,4
DA:289,4
DA:290,4
DA:291,24
DA:292,24
DA:293,4
DA:294,4
DA:295,4
DA:296,4
DA:297,5
DA:298,30
DA:299,30
DA:300,24
DA:301,24
DA:302,30
DA:303,30
DA:304,30
DA:305,5
DA:306,20
DA:307,19
DA:308,19
DA:309,19
DA:310,19
DA:311,19
DA:312,19
DA:313,3
LF:313
LH:313
BRDA:16,0,0,6
BRDA:17,1,0,15
BRDA:18,2,0,24
BRDA:19,3,0,1
BRDA:21,4,0,23
BRDA:30,5,0,9
BRDA:37,6,0,23
BRDA:43,7,0,14
BRDA:44,8,0,5
BRDA:54,9,0,4
BRDA:55,10,0,7
BRDA:56,11,0,1
BRDA:57,12,0,6
BRDA:60,13,0,10
BRDA:65,14,0,5
BRDA:72,15,0,6
BRDA:75,16,0,3
BRDA:86,17,0,3
BRDA:96,18,0,4
BRDA:97,19,0,13
BRDA:98,20,0,1
BRDA:99,21,0,12
BRDA:105,22,0,23
BRDA:105,23,0,17
BRDA:112,24,0,12
BRDA:117,25,0,3
BRDA:119,26,0,15
BRDA:127,27,0,48
BRDA:127,28,0,38
BRDA:128,29,0,19
BRDA:143,30,0,11
BRDA:152,31,0,5
BRDA:161,32,0,54
BRDA:120,33,0,30
BRDA:121,34,0,24
BRDA:166,35,0,34
BRDA:167,36,0,1
BRDA:168,37,0,33
BRDA:168,38,0,18
BRDA:169,39,0,15
BRDA:184,40,0,4
BRDA:186,41,0,3
BRDA:188,42,0,26
BRDA:189,43,0,1
BRDA:190,44,0,25
BRDA:190,45,0,14
BRDA:192,46,0,11
BRDA:198,47,0,17
BRDA:199,48,0,9
BRDA:200,49,0,7
BRDA:202,50,0,15
BRDA:218,51,0,11
BRDA:232,52,0,4
BRDA:234,53,0,3
BRDA:244,54,0,4
BRDA:248,55,0,5
BRDA:249,56,0,1
BRDA:250,57,0,4
BRDA:251,58,0,29
BRDA:254,59,0,4
BRDA:258,60,0,29
BRDA:265,61,0,4
BRDA:245,62,0,18
BRDA:250,63,0,40
BRDA:277,64,0,5
BRDA:279,65,0,1
BRDA:280,66,0,4
BRDA:297,67,0,30
BRDA:299,68,0,24
BRDA:305,69,0,20
BRDA:306,70,0,1
BRDA:307,71,0,19
BRDA:313,72,0,3
BRDA:278,73,0,24
BRDA:287,74,0,30
BRDA:290,75,0,24
BRDA:298,76,0,6
BRF:77
BRH:77
end_of_record
TN:
SF:src\helpers\speedConfig.js
FN:1,(empty-report)
FNF:1
FNH:0
FNDA:0,(empty-report)
DA:1,0
DA:2,0
DA:3,0
DA:4,0
DA:5,0
DA:6,0
DA:7,0
DA:8,0
DA:9,0
DA:10,0
DA:11,0
DA:12,0
LF:12
LH:0
BRDA:1,0,0,0
BRF:1
BRH:0
end_of_record
